1639477302: mosquitto version 2.0.14 starting
1639477302: Config loaded from /mosquitto/config/mosquitto.conf.
1639477302: Error: Unable to open pwfile "/mosquitto/conf/mosquitto.conf".
1639477302: Error opening password file "/mosquitto/conf/mosquitto.conf".
1639477318: mosquitto version 2.0.14 starting
1639477318: Config loaded from /mosquitto/config/mosquitto.conf.
1639477318: Error: Unable to open pwfile "/mosquitto/conf/mosquitto.conf".
1639477318: Error opening password file "/mosquitto/conf/mosquitto.conf".
1639477352: mosquitto version 2.0.14 starting
1639477352: Config loaded from /mosquitto/config/mosquitto.conf.
1639477352: Opening ipv4 listen socket on port 1883.
1639477352: Opening ipv6 listen socket on port 1883.
1639477352: mosquitto version 2.0.14 running
1639477513: mosquitto version 2.0.14 starting
1639477513: Config loaded from /mosquitto/config/mosquitto.conf.
1639477513: Error: Unable to open pwfile "/mosquitto/conf/mosquitto.conf".
1639477513: Error opening password file "/mosquitto/conf/mosquitto.conf".
1639477924: mosquitto version 2.0.14 starting
1639477924: Config loaded from /mosquitto/config/mosquitto.conf.
1639477924: Opening ipv4 listen socket on port 1883.
1639477924: Opening ipv6 listen socket on port 1883.
1639477924: mosquitto version 2.0.14 running
1639478264: mosquitto version 2.0.14 terminating
1639478264: Saving in-memory database to /mosquitto/data//mosquitto.db.
